<?xml version="1.0" encoding="UTF-8"?>
<testng-results ignored="0" total="1" passed="1" failed="0" skipped="0">
  <reporter-output>
  </reporter-output>
  <suite started-at="2021-06-08T11:28:02Z" name="Default suite" finished-at="2021-06-08T11:29:51Z" duration-ms="109710">
    <groups>
    </groups>
    <test started-at="2021-06-08T11:28:02Z" name="Default test" finished-at="2021-06-08T11:29:51Z" duration-ms="109710">
      <class name="tests.AboutFirstFourFields">
        <test-method is-config="true" signature="setUp()[pri:0, instance:tests.AboutFirstFourFields@2b175c00]" started-at="2021-06-08T11:28:02Z" name="setUp" finished-at="2021-06-08T11:28:37Z" duration-ms="35534" status="PASS">
          <reporter-output>
          </reporter-output>
        </test-method> <!-- setUp -->
        <test-method signature="valid_About_Description()[pri:0, instance:tests.AboutFirstFourFields@2b175c00]" started-at="2021-06-08T11:28:37Z" name="valid_About_Description" finished-at="2021-06-08T11:29:51Z" duration-ms="74127" status="PASS">
          <reporter-output>
          </reporter-output>
        </test-method> <!-- valid_About_Description -->
      </class> <!-- tests.AboutFirstFourFields -->
    </test> <!-- Default test -->
  </suite> <!-- Default suite -->
</testng-results>
