<?xml version="1.0" encoding="UTF-8"?>
<testng-results ignored="0" total="1" passed="0" failed="1" skipped="0">
  <reporter-output>
  </reporter-output>
  <suite started-at="2021-06-08T13:21:31Z" name="Default suite" finished-at="2021-06-08T13:22:19Z" duration-ms="48002">
    <groups>
    </groups>
    <test started-at="2021-06-08T13:21:31Z" name="Default test" finished-at="2021-06-08T13:22:19Z" duration-ms="48002">
      <class name="tests.UploadPhoto">
        <test-method is-config="true" signature="setUp()[pri:0, instance:tests.UploadPhoto@2b175c00]" started-at="2021-06-08T13:21:31Z" name="setUp" finished-at="2021-06-08T13:22:01Z" duration-ms="29742" status="PASS">
          <reporter-output>
          </reporter-output>
        </test-method> <!-- setUp -->
        <test-method signature="FailedUpload()[pri:0, instance:tests.UploadPhoto@2b175c00]" started-at="2021-06-08T13:22:01Z" name="FailedUpload" finished-at="2021-06-08T13:22:19Z" duration-ms="18184" status="FAIL">
          <exception class="org.openqa.selenium.NoSuchElementException">
            <message>
              <![CDATA[An element could not be located on the page using the given search parameters.
For documentation on this error, please visit: https://www.seleniumhq.org/exceptions/no_such_element.html
Build info: version: '3.141.59', revision: 'e82be7d358', time: '2018-11-14T08:17:03'
System info: host: 'DESKTOP-NGUTF1V', ip: '192.168.56.1', os.name: 'Windows 10', os.arch: 'amd64', os.version: '10.0', java.version: '15.0.2'
Driver info: io.appium.java_client.AppiumDriver
Capabilities {appActivity: com.example.flickr.MainActi..., appPackage: com.example.flickr, databaseEnabled: false, desired: {appActivity: com.example.flickr.MainActi..., appPackage: com.example.flickr, deviceName: HUAWEI nova 3i, platformName: android, platformVersion: 9, resetKeyboard: true, udid: GVV7N18730005045, unicodeKeyboard: true}, deviceManufacturer: HUAWEI, deviceModel: INE-LX1, deviceName: GVV7N18730005045, deviceScreenSize: 1080x2340, deviceUDID: GVV7N18730005045, javascriptEnabled: true, locationContextEnabled: false, networkConnectionEnabled: true, platform: LINUX, platformName: LINUX, platformVersion: 9, resetKeyboard: true, takesScreenshot: true, udid: GVV7N18730005045, unicodeKeyboard: true, warnings: {}, webStorageEnabled: false}
Session ID: 35302077-22e6-4b41-b0d8-db9bad8e0e4e
*** Element info: {Using=accessibility id, value=1 Photos}]]>
            </message>
            <full-stacktrace>
              <![CDATA[org.openqa.selenium.NoSuchElementException: An element could not be located on the page using the given search parameters.
For documentation on this error, please visit: https://www.seleniumhq.org/exceptions/no_such_element.html
Build info: version: '3.141.59', revision: 'e82be7d358', time: '2018-11-14T08:17:03'
System info: host: 'DESKTOP-NGUTF1V', ip: '192.168.56.1', os.name: 'Windows 10', os.arch: 'amd64', os.version: '10.0', java.version: '15.0.2'
Driver info: io.appium.java_client.AppiumDriver
Capabilities {appActivity: com.example.flickr.MainActi..., appPackage: com.example.flickr, databaseEnabled: false, desired: {appActivity: com.example.flickr.MainActi..., appPackage: com.example.flickr, deviceName: HUAWEI nova 3i, platformName: android, platformVersion: 9, resetKeyboard: true, udid: GVV7N18730005045, unicodeKeyboard: true}, deviceManufacturer: HUAWEI, deviceModel: INE-LX1, deviceName: GVV7N18730005045, deviceScreenSize: 1080x2340, deviceUDID: GVV7N18730005045, javascriptEnabled: true, locationContextEnabled: false, networkConnectionEnabled: true, platform: LINUX, platformName: LINUX, platformVersion: 9, resetKeyboard: true, takesScreenshot: true, udid: GVV7N18730005045, unicodeKeyboard: true, warnings: {}, webStorageEnabled: false}
Session ID: 35302077-22e6-4b41-b0d8-db9bad8e0e4e
*** Element info: {Using=accessibility id, value=1 Photos}
at java.base/jdk.internal.reflect.NativeConstructorAccessorImpl.newInstance0(Native Method)
at java.base/jdk.internal.reflect.NativeConstructorAccessorImpl.newInstance(NativeConstructorAccessorImpl.java:64)
at java.base/jdk.internal.reflect.DelegatingConstructorAccessorImpl.newInstance(DelegatingConstructorAccessorImpl.java:45)
at java.base/java.lang.reflect.Constructor.newInstanceWithCaller(Constructor.java:500)
at java.base/java.lang.reflect.Constructor.newInstance(Constructor.java:481)
at org.openqa.selenium.remote.http.W3CHttpResponseCodec.createException(W3CHttpResponseCodec.java:187)
at org.openqa.selenium.remote.http.W3CHttpResponseCodec.decode(W3CHttpResponseCodec.java:122)
at org.openqa.selenium.remote.http.W3CHttpResponseCodec.decode(W3CHttpResponseCodec.java:49)
at org.openqa.selenium.remote.HttpCommandExecutor.execute(HttpCommandExecutor.java:158)
at io.appium.java_client.remote.AppiumCommandExecutor.execute(AppiumCommandExecutor.java:239)
at org.openqa.selenium.remote.RemoteWebDriver.execute(RemoteWebDriver.java:552)
at io.appium.java_client.DefaultGenericMobileDriver.execute(DefaultGenericMobileDriver.java:42)
at io.appium.java_client.AppiumDriver.execute(AppiumDriver.java:1)
at org.openqa.selenium.remote.RemoteWebDriver.findElement(RemoteWebDriver.java:323)
at io.appium.java_client.DefaultGenericMobileDriver.findElement(DefaultGenericMobileDriver.java:62)
at io.appium.java_client.AppiumDriver.findElement(AppiumDriver.java:1)
at io.appium.java_client.FindsByAccessibilityId.findElementByAccessibilityId(FindsByAccessibilityId.java:37)
at tests.UploadPhoto.FailedUpload(UploadPhoto.java:92)
at java.base/jdk.internal.reflect.NativeMethodAccessorImpl.invoke0(Native Method)
at java.base/jdk.internal.reflect.NativeMethodAccessorImpl.invoke(NativeMethodAccessorImpl.java:64)
at java.base/jdk.internal.reflect.DelegatingMethodAccessorImpl.invoke(DelegatingMethodAccessorImpl.java:43)
at java.base/java.lang.reflect.Method.invoke(Method.java:564)
at org.testng.internal.MethodInvocationHelper.invokeMethod(MethodInvocationHelper.java:124)
at org.testng.internal.Invoker.invokeMethod(Invoker.java:583)
at org.testng.internal.Invoker.invokeTestMethod(Invoker.java:719)
at org.testng.internal.Invoker.invokeTestMethods(Invoker.java:989)
at org.testng.internal.TestMethodWorker.invokeTestMethods(TestMethodWorker.java:125)
at org.testng.internal.TestMethodWorker.run(TestMethodWorker.java:109)
at org.testng.TestRunner.privateRun(TestRunner.java:648)
at org.testng.TestRunner.run(TestRunner.java:505)
at org.testng.SuiteRunner.runTest(SuiteRunner.java:455)
at org.testng.SuiteRunner.runSequentially(SuiteRunner.java:450)
at org.testng.SuiteRunner.privateRun(SuiteRunner.java:415)
at org.testng.SuiteRunner.run(SuiteRunner.java:364)
at org.testng.SuiteRunnerWorker.runSuite(SuiteRunnerWorker.java:52)
at org.testng.SuiteRunnerWorker.run(SuiteRunnerWorker.java:84)
at org.testng.TestNG.runSuitesSequentially(TestNG.java:1208)
at org.testng.TestNG.runSuitesLocally(TestNG.java:1137)
at org.testng.TestNG.runSuites(TestNG.java:1049)
at org.testng.TestNG.run(TestNG.java:1017)
at org.testng.remote.AbstractRemoteTestNG.run(AbstractRemoteTestNG.java:115)
at org.testng.remote.RemoteTestNG.initAndRun(RemoteTestNG.java:251)
at org.testng.remote.RemoteTestNG.main(RemoteTestNG.java:77)
]]>
            </full-stacktrace>
          </exception> <!-- org.openqa.selenium.NoSuchElementException -->
          <reporter-output>
          </reporter-output>
        </test-method> <!-- FailedUpload -->
      </class> <!-- tests.UploadPhoto -->
    </test> <!-- Default test -->
  </suite> <!-- Default suite -->
</testng-results>
